TN:
SF:/Users/jim/github.com/dekoa/src/regex.js
FNF:0
FNH:0
DA:1,1
LF:1
LH:1
BRF:0
BRH:0
end_of_record
TN:
SF:/Users/jim/github.com/dekoa/src/route.js
FN:11,bindClassRoutes
FN:35,map
FN:63,(anonymous_3)
FN:82,(anonymous_4)
FN:91,(anonymous_5)
FN:100,(anonymous_6)
FN:109,(anonymous_7)
FN:117,(anonymous_8)
FN:125,(anonymous_9)
FN:133,(anonymous_10)
FN:141,(anonymous_11)
FN:149,(anonymous_12)
FN:159,(anonymous_13)
FN:182,(anonymous_14)
FNF:14
FNH:8
FNDA:4,bindClassRoutes
FNDA:9,map
FNDA:4,(anonymous_3)
FNDA:2,(anonymous_4)
FNDA:0,(anonymous_5)
FNDA:5,(anonymous_6)
FNDA:1,(anonymous_7)
FNDA:1,(anonymous_8)
FNDA:0,(anonymous_9)
FNDA:0,(anonymous_10)
FNDA:0,(anonymous_11)
FNDA:0,(anonymous_12)
FNDA:1,(anonymous_13)
FNDA:0,(anonymous_14)
DA:1,1
DA:2,1
DA:3,1
DA:4,1
DA:11,1
DA:12,4
DA:13,4
DA:14,4
DA:15,9
DA:18,9
DA:19,9
DA:21,4
DA:35,1
DA:36,9
DA:37,9
DA:38,9
DA:39,9
DA:40,9
DA:42,9
DA:45,1
DA:64,4
DA:65,1
DA:66,1
DA:68,3
DA:69,3
DA:70,3
DA:71,3
DA:74,3
DA:83,2
DA:92,0
DA:101,5
DA:110,1
DA:118,1
DA:126,0
DA:134,0
DA:142,0
DA:150,0
DA:160,1
DA:161,1
DA:163,1
DA:165,4
DA:166,4
DA:167,4
DA:168,4
DA:169,4
DA:170,9
DA:171,9
DA:175,1
DA:183,0
DA:184,0
DA:186,0
DA:187,0
DA:188,0
DA:190,0
DA:191,0
DA:192,0
DA:193,0
DA:194,0
DA:195,0
DA:196,0
DA:199,0
DA:201,0
DA:203,0
LF:63
LH:43
BRDA:13,1,0,4
BRDA:13,1,1,0
BRDA:16,2,0,9
BRDA:16,2,1,0
BRDA:19,3,0,1
BRDA:19,3,1,8
BRDA:37,4,0,9
BRDA:37,4,1,4
BRDA:64,5,0,1
BRDA:64,5,1,3
BRDA:69,6,0,3
BRDA:69,6,1,0
BRDA:161,7,0,1
BRDA:161,7,1,0
BRDA:184,8,0,0
BRDA:184,8,1,0
BRDA:186,9,0,0
BRDA:186,9,1,0
BRDA:190,10,0,0
BRDA:190,10,1,0
BRDA:192,11,0,0
BRDA:192,11,1,0
BRDA:193,12,0,0
BRDA:193,12,1,0
BRF:24
BRH:10
end_of_record
TN:
SF:/Users/jim/github.com/dekoa/src/private/index.js
FNF:0
FNH:0
DA:1,1
DA:3,1
LF:2
LH:2
BRF:0
BRH:0
end_of_record
TN:
SF:/Users/jim/github.com/dekoa/src/private/meta.js
FNF:0
FNH:0
DA:2,1
DA:3,17
DA:4,17
DA:7,1
DA:8,13
DA:21,1
DA:22,1
DA:30,8
DA:32,1
LF:9
LH:9
BRDA:3,1,0,17
BRDA:3,1,1,9
BRDA:4,2,0,17
BRDA:4,2,1,13
BRDA:8,3,0,13
BRDA:8,3,1,9
BRDA:30,4,0,8
BRDA:30,4,1,5
BRF:8
BRH:8
end_of_record
TN:
SF:/Users/jim/github.com/dekoa/src/private/consts.js
FNF:0
FNH:0
DA:1,1
LF:1
LH:1
BRF:0
BRH:0
end_of_record
